<?xml version="1.0" encoding="UTF-8"?>
<!-- Generated by org.testng.reporters.JUnitReportReporter -->
<testsuite hostname="LAPTOP-V4EQ9E0B" failures="0" tests="1" name="Test_Cases.TC_Gifts" time="31.481" errors="0" timestamp="2024-03-06T20:26:51 IST" skipped="0">
  <testcase classname="Test_Cases.TC_Gifts" name="TC_003_items" time="31.481"/>
  <system-out/>
</testsuite> <!-- Test_Cases.TC_Gifts -->
