<?xml version="1.0" encoding="UTF-8"?>
<!-- Generated by org.testng.reporters.JUnitReportReporter -->
<testsuite hostname="LAPTOP-V4EQ9E0B" failures="0" tests="4" name="Test_Cases.TC_MenuBar" time="191.777" errors="0" timestamp="2023-12-30T14:20:54 IST" skipped="0">
  <testcase classname="Test_Cases.TC_MenuBar" name="TC_0011_EchoandAlexa_AlexaSmartHome" time="31.658"/>
  <system-out/>
  <testcase classname="Test_Cases.TC_MenuBar" name="TC_003_BestSeller" time="32.695"/>
  <system-out/>
  <testcase classname="Test_Cases.TC_MenuBar" name="TC_005_MoversAndShakers" time="57.245"/>
  <system-out/>
  <testcase classname="Test_Cases.TC_MenuBar" name="TC_006_AmazonMiniTV" time="70.179"/>
  <system-out/>
</testsuite> <!-- Test_Cases.TC_MenuBar -->
