<?xml version="1.0" encoding="UTF-8"?>
<!-- Generated by org.testng.reporters.JUnitReportReporter -->
<testsuite hostname="LAPTOP-V4EQ9E0B" failures="0" tests="4" name="Test_Cases.TC_logger" time="95.396" errors="0" timestamp="2024-05-10T10:41:59 IST" skipped="0">
  <testcase classname="Test_Cases.TC_logger" name="TC_002" time="37.244"/>
  <system-out/>
  <testcase classname="Test_Cases.TC_logger" name="TC_002" time="29.018"/>
  <system-out/>
  <testcase classname="Test_Cases.TC_logger" name="TC_002" time="14.474"/>
  <system-out/>
  <testcase classname="Test_Cases.TC_logger" name="TC_002" time="14.660"/>
  <system-out/>
</testsuite> <!-- Test_Cases.TC_logger -->
