<?xml version="1.0" encoding="UTF-8"?>
<!-- Generated by org.testng.reporters.JUnitReportReporter -->
<testsuite hostname="LAPTOP-V4EQ9E0B" failures="0" tests="7" name="Test_Cases.TC_Header" time="252.646" errors="0" timestamp="2023-12-30T14:20:54 IST" skipped="0">
  <testcase classname="Test_Cases.TC_Header" name="TC_007_Select_a_Item_Dropdown" time="30.029"/>
  <system-out/>
  <testcase classname="Test_Cases.TC_Header" name="TC_007_Select_a_Item_Dropdown" time="87.273"/>
  <system-out/>
  <testcase classname="Test_Cases.TC_Header" name="TC_005_Account_and_AllList" time="22.882"/>
  <system-out/>
  <testcase classname="Test_Cases.TC_Header" name="TC_007_Select_a_Item_Dropdown" time="33.581"/>
  <system-out/>
  <testcase classname="Test_Cases.TC_Header" name="TC_005_Account_and_AllList" time="22.646"/>
  <system-out/>
  <testcase classname="Test_Cases.TC_Header" name="TC_005_Account_and_AllList" time="33.414"/>
  <system-out/>
  <testcase classname="Test_Cases.TC_Header" name="TC_005_Account_and_AllList" time="22.821"/>
  <system-out/>
</testsuite> <!-- Test_Cases.TC_Header -->
