<?xml version="1.0" encoding="UTF-8"?>
<!-- Generated by org.testng.reporters.JUnitReportReporter -->
<testsuite hostname="LAPTOP-V4EQ9E0B" failures="0" tests="4" name="Test_Cases.TC_logger" time="91.778" errors="0" timestamp="2024-04-14T22:39:08 IST" skipped="0">
  <testcase classname="Test_Cases.TC_logger" name="TC_002" time="32.568"/>
  <system-out/>
  <testcase classname="Test_Cases.TC_logger" name="TC_002" time="31.212"/>
  <system-out/>
  <testcase classname="Test_Cases.TC_logger" name="TC_002" time="15.299"/>
  <system-out/>
  <testcase classname="Test_Cases.TC_logger" name="TC_002" time="12.699"/>
  <system-out/>
</testsuite> <!-- Test_Cases.TC_logger -->
