<?xml version="1.0" encoding="UTF-8"?>
<!-- Generated by org.testng.reporters.JUnitReportReporter -->
<testsuite hostname="LAPTOP-V4EQ9E0B" failures="0" tests="1" name="Test_Cases.TC_Header" time="24.064" errors="0" timestamp="2024-01-11T09:31:54 IST" skipped="0">
  <testcase classname="Test_Cases.TC_Header" name="TC_008_Select_Location_Signin" time="24.064"/>
  <system-out/>
</testsuite> <!-- Test_Cases.TC_Header -->
